2003.09.16 08:22 B D:\OGS\animated_dice2.gif --> ftp.www.uwosh.edu /information/www/home_pages/organizations/gaming animated_dice2.gif
2003.09.16 08:22 B D:\OGS\animated_dice2.gif --> ftp.www.uwosh.edu /information/www/home_pages/organizations/gaming animated_dice2.gif
2003.09.16 08:22 B D:\OGS\banner.htm --> ftp.www.uwosh.edu /information/www/home_pages/organizations/gaming banner.htm
2003.09.16 08:22 B D:\OGS\dice.gif --> ftp.www.uwosh.edu /information/www/home_pages/organizations/gaming dice.gif
2003.09.16 08:22 B D:\OGS\history.htm --> ftp.www.uwosh.edu /information/www/home_pages/organizations/gaming history.htm
2003.09.16 08:22 B D:\OGS\home.htm --> ftp.www.uwosh.edu /information/www/home_pages/organizations/gaming home.htm
2003.09.16 08:22 B D:\OGS\index.htm --> ftp.www.uwosh.edu /information/www/home_pages/organizations/gaming index.htm
2003.09.16 08:23 B D:\OGS\menu.htm --> ftp.www.uwosh.edu /information/www/home_pages/organizations/gaming menu.htm
2003.09.16 08:23 B D:\OGS\sitehistory.htm --> ftp.www.uwosh.edu /information/www/home_pages/organizations/gaming sitehistory.htm
2003.09.16 09:48 B D:\OGS\animated_dice2.gif --> ftp.www.uwosh.edu /information/www/home_pages/organizations/gaming animated_dice2.gif
2003.09.24 14:21 B D:\OGS\index.htm --> ftp.www.uwosh.edu /information/www/home_pages/organizations/gaming index.htm
2003.09.24 14:22 B D:\OGS\animated_dice2.gif --> ftp.www.uwosh.edu /information/www/home_pages/organizations/gaming animated_dice2.gif
2003.09.24 14:22 B D:\OGS\banner.htm --> ftp.www.uwosh.edu /information/www/home_pages/organizations/gaming banner.htm
2003.09.24 14:22 B D:\OGS\campaignpage.htm --> ftp.www.uwosh.edu /information/www/home_pages/organizations/gaming campaignpage.htm
2003.09.24 14:22 B D:\OGS\campaigns.htm --> ftp.www.uwosh.edu /information/www/home_pages/organizations/gaming campaigns.htm
2003.09.24 14:22 B D:\OGS\dice.gif --> ftp.www.uwosh.edu /information/www/home_pages/organizations/gaming dice.gif
2003.09.24 14:22 B D:\OGS\history.htm --> ftp.www.uwosh.edu /information/www/home_pages/organizations/gaming history.htm
2003.09.24 14:22 B D:\OGS\home.htm --> ftp.www.uwosh.edu /information/www/home_pages/organizations/gaming home.htm
2003.09.24 14:22 B D:\OGS\index.htm --> ftp.www.uwosh.edu /information/www/home_pages/organizations/gaming index.htm
2003.09.24 14:22 B D:\OGS\menu.htm --> ftp.www.uwosh.edu /information/www/home_pages/organizations/gaming menu.htm
2003.09.24 14:22 B D:\OGS\sitehistory.htm --> ftp.www.uwosh.edu /information/www/home_pages/organizations/gaming sitehistory.htm
